Failure # 1 (occurred at 2025-10-31_17-12-17)
The actor died unexpectedly before finishing this task.
	class_name: ImplicitFunc
	actor_id: f5305d8571329b831726c23c01000000
	pid: 65000
	namespace: c4cdf730-6a65-4712-8046-8ec90971bc27
	ip: 127.0.0.1
The actor is dead because its worker process has died. Worker exit type: SYSTEM_ERROR Worker exit detail: Worker exits unexpectedly. Worker exits with an exit code None. Traceback (most recent call last):
  File "python/ray/_raylet.pyx", line 1982, in ray._raylet.execute_task
  File "python/ray/_raylet.pyx", line 2093, in ray._raylet.execute_task
  File "python/ray/_raylet.pyx", line 1989, in ray._raylet.execute_task
  File "python/ray/_raylet.pyx", line 1932, in ray._raylet.execute_task.function_executor
  File "/opt/homebrew/Caskroom/miniforge/base/lib/python3.10/site-packages/ray/_private/function_manager.py", line 693, in actor_method_executor
    return method(__ray_actor, *args, **kwargs)
  File "/opt/homebrew/Caskroom/miniforge/base/lib/python3.10/site-packages/ray/_private/function_manager.py", line 610, in temporary_actor_method
    raise RuntimeError(
RuntimeError: The actor with name ImplicitFunc failed to import on the worker. This may be because needed library dependencies are not installed in the worker environment:

Traceback (most recent call last):
  File "/opt/homebrew/Caskroom/miniforge/base/lib/python3.10/site-packages/ray/_private/function_manager.py", line 649, in _load_actor_class_from_gcs
    actor_class = pickle.loads(pickled_class)
ModuleNotFoundError: No module named 'rl'


During handling of the above exception, another exception occurred:

Traceback (most recent call last):
  File "python/ray/_raylet.pyx", line 2432, in ray._raylet.task_execution_handler
  File "python/ray/_raylet.pyx", line 2291, in ray._raylet.execute_task_with_cancellation_handler
  File "python/ray/_raylet.pyx", line 1934, in ray._raylet.execute_task
  File "python/ray/_raylet.pyx", line 1935, in ray._raylet.execute_task
  File "python/ray/_raylet.pyx", line 2184, in ray._raylet.execute_task
  File "python/ray/_raylet.pyx", line 1162, in ray._raylet.store_task_errors
  File "/opt/homebrew/Caskroom/miniforge/base/lib/python3.10/site-packages/ray/_private/function_manager.py", line 610, in temporary_actor_method
    raise RuntimeError(
RuntimeError: The actor with name ImplicitFunc failed to import on the worker. This may be because needed library dependencies are not installed in the worker environment:

Traceback (most recent call last):
  File "/opt/homebrew/Caskroom/miniforge/base/lib/python3.10/site-packages/ray/_private/function_manager.py", line 649, in _load_actor_class_from_gcs
    actor_class = pickle.loads(pickled_class)
ModuleNotFoundError: No module named 'rl'

An unexpected internal error occurred while the worker was executing a task.
